<?xml version="1.0" encoding="UTF-8"?>
<!-- Generated by org.testng.reporters.JUnitXMLReporter -->
<testsuite ignored="0" hostname="LAPTOP-V6HVT8DR" failures="0" tests="4" name="Default test" time="9.406" errors="0" timestamp="2026-03-17T22:06:34 IST">
  <testcase classname="apiTests.E2ETests" name="GetBooks" time="0.83"/>
  <testcase classname="apiTests.E2ETests" name="AddBook" time="0.938"/>
  <testcase classname="apiTests.E2ETests" name="DeleteBook" time="1.277"/>
  <testcase classname="apiTests.E2ETests" name="getUser" time="1.061"/>
</testsuite> <!-- Default test -->
