<?xml version="1.0" encoding="UTF-8"?>
<!-- Generated by org.testng.reporters.JUnitXMLReporter -->
<testsuite ignored="0" hostname="LAPTOP-V6HVT8DR" failures="0" tests="4" name="Default test" time="9.136" errors="0"
           timestamp="2026-03-18T21:18:14 IST">
    <testcase classname="apiTests.E2ETests" name="GetBooks" time="0.862"/>
    <testcase classname="apiTests.E2ETests" name="AddBook" time="0.997"/>
    <testcase classname="apiTests.E2ETests" name="DeleteBook" time="1.016"/>
    <testcase classname="apiTests.E2ETests" name="getUser" time="0.887"/>
</testsuite> <!-- Default test -->
