<?xml version="1.0" encoding="UTF-8"?>
<testng-results ignored="0" total="1" passed="1" failed="0" skipped="0">
  <reporter-output>
  </reporter-output>
    <suite started-at="2026-03-22T21:21:08 IST" name="Default Suite" finished-at="2026-03-22T21:21:21 IST"
           duration-ms="12261">
    <groups>
      <group name="cucumber">
          <method signature="AbstractTestNGCucumberTests.runScenario(io.cucumber.testng.PickleWrapper,io.cucumber.testng.FeatureWrapper)[pri:0, instance:runners.TestRunner@64ec96c6]"
                  name="runScenario" class="io.cucumber.testng.AbstractTestNGCucumberTests"/>
      </group> <!-- cucumber -->
    </groups>
        <test started-at="2026-03-22T21:21:08 IST" name="RestAssuredTestingFramework"
              finished-at="2026-03-22T21:21:21 IST" duration-ms="12261">
      <class name="runners.TestRunner">
          <test-method is-config="true"
                       signature="setUpClass(org.testng.ITestContext)[pri:0, instance:runners.TestRunner@64ec96c6]"
                       started-at="2026-03-22T21:21:08 IST" name="setUpClass" finished-at="2026-03-22T21:21:09 IST"
                       duration-ms="676" status="PASS">
          <params>
            <param index="0">
              <value>
                  <![CDATA[org.testng.TestRunner@455f4483]]>
              </value>
            </param>
          </params>
          <reporter-output>
          </reporter-output>
        </test-method> <!-- setUpClass -->
          <test-method
                  signature="runScenario(io.cucumber.testng.PickleWrapper,io.cucumber.testng.FeatureWrapper)[pri:0, instance:runners.TestRunner@64ec96c6]"
                  started-at="2026-03-22T21:21:09 IST" name="runScenario" description="Runs Cucumber Scenarios"
                  data-provider="scenarios" finished-at="2026-03-22T21:21:20 IST" duration-ms="11317" status="PASS">
          <params>
            <param index="0">
              <value>
                <![CDATA["Authorized user is able to Add and Remove a book"]]>
              </value>
            </param>
            <param index="1">
              <value>
                <![CDATA["End to End Tests for ToolsQA's Book Store API"]]>
              </value>
            </param>
          </params>
          <reporter-output>
          </reporter-output>
        </test-method> <!-- runScenario -->
          <test-method is-config="true" signature="tearDownClass()[pri:0, instance:runners.TestRunner@64ec96c6]"
                       started-at="2026-03-22T21:21:20 IST" name="tearDownClass" finished-at="2026-03-22T21:21:21 IST"
                       duration-ms="189" status="PASS">
          <reporter-output>
          </reporter-output>
        </test-method> <!-- tearDownClass -->
      </class> <!-- runners.TestRunner -->
    </test> <!-- RestAssuredTestingFramework -->
  </suite> <!-- Default Suite -->
</testng-results>
