<?xml version="1.0" encoding="UTF-8"?>
<testng-results ignored="0" total="4" passed="4" failed="0" skipped="0">
  <reporter-output>
  </reporter-output>
  <suite started-at="2026-03-17T22:06:25 IST" name="Default suite" finished-at="2026-03-17T22:06:34 IST" duration-ms="9406">
    <groups>
    </groups>
    <test started-at="2026-03-17T22:06:25 IST" name="Default test" finished-at="2026-03-17T22:06:34 IST" duration-ms="9406">
      <class name="apiTests.E2ETests">
        <test-method is-config="true" signature="setup()[pri:0, instance:apiTests.E2ETests@397fbdb]" started-at="2026-03-17T22:06:25 IST" name="setup" finished-at="2026-03-17T22:06:30 IST" duration-ms="5242" status="PASS">
          <reporter-output>
          </reporter-output>
        </test-method> <!-- setup -->
        <test-method signature="GetBooks()[pri:0, instance:apiTests.E2ETests@397fbdb]" started-at="2026-03-17T22:06:30 IST" name="GetBooks" finished-at="2026-03-17T22:06:31 IST" duration-ms="830" status="PASS">
          <reporter-output>
          </reporter-output>
        </test-method> <!-- GetBooks -->
        <test-method signature="AddBook()[pri:0, instance:apiTests.E2ETests@397fbdb]" started-at="2026-03-17T22:06:31 IST" name="AddBook" finished-at="2026-03-17T22:06:32 IST" depends-on-methods="apiTests.E2ETests.GetBooks" duration-ms="938" status="PASS">
          <reporter-output>
          </reporter-output>
        </test-method> <!-- AddBook -->
        <test-method signature="DeleteBook()[pri:0, instance:apiTests.E2ETests@397fbdb]" started-at="2026-03-17T22:06:32 IST" name="DeleteBook" finished-at="2026-03-17T22:06:33 IST" depends-on-methods="apiTests.E2ETests.AddBook" duration-ms="1277" status="PASS">
          <reporter-output>
          </reporter-output>
        </test-method> <!-- DeleteBook -->
        <test-method signature="getUser()[pri:0, instance:apiTests.E2ETests@397fbdb]" started-at="2026-03-17T22:06:33 IST" name="getUser" finished-at="2026-03-17T22:06:34 IST" depends-on-methods="apiTests.E2ETests.DeleteBook" duration-ms="1061" status="PASS">
          <reporter-output>
          </reporter-output>
        </test-method> <!-- getUser -->
      </class> <!-- apiTests.E2ETests -->
    </test> <!-- Default test -->
  </suite> <!-- Default suite -->
</testng-results>
