<?xml version="1.0" encoding="UTF-8"?>
<!-- Generated by org.testng.reporters.JUnitReportReporter -->
<testsuite hostname="LAPTOP-V6HVT8DR" failures="0" tests="4" name="apiTests.E2ETests" time="4.817" errors="0" timestamp="2026-03-17T21:37:31 IST" skipped="0">
  <testcase classname="apiTests.E2ETests" name="DeleteBook" time="1.008"/>
  <testcase classname="apiTests.E2ETests" name="GetBooks" time="0.906"/>
  <testcase classname="apiTests.E2ETests" name="AddBook" time="0.918"/>
  <testcase classname="apiTests.E2ETests" name="getUser" time="1.985"/>
</testsuite> <!-- apiTests.E2ETests -->
